        -:    0:Source:/mnt/c/Users/chich/OneDrive/Desktop/An I Sem II/Programare Orientata Obiect/tema_lab_8-9/main.cpp
        -:    0:Graph:/mnt/c/Users/chich/OneDrive/Desktop/An I Sem II/Programare Orientata Obiect/tema_lab_8-9/cmake-build-debug-coverage/CMakeFiles/tema_lab_5_6.dir/main.cpp.gcno
        -:    0:Data:/mnt/c/Users/chich/OneDrive/Desktop/An I Sem II/Programare Orientata Obiect/tema_lab_8-9/cmake-build-debug-coverage/CMakeFiles/tema_lab_5_6.dir/main.cpp.gcda
        -:    0:Runs:1
        -:    1:#include "repository.h"
        -:    2:#include "service.h"
        -:    3:#include "ui.h"
        -:    4:#include "teste_domain.h"
        -:    5:#include "teste_repository.h"
        -:    6:#include "teste_service.h"
        -:    7:#include "teste_validator.h"
        -:    8:#include <iostream>
        -:    9:
        -:   10:using std::cout;
        -:   11:using std::cin;
        -:   12:
function _Z8test_allv called 1 returned 100% blocks executed 100%
        1:   13:void test_all(){
        1:   14:    teste_domain();
        1:   14-block  0
call    0 returned 1
        1:   15:    teste_repo();
call    0 returned 1
        1:   16:    test_validare_oferta();
call    0 returned 1
        1:   17:    teste_service();
call    0 returned 1
        1:   18:    teste_vector_dinamic();
call    0 returned 1
        1:   19:}
        -:   20:
        -:   21:
        -:   22:
function main called 1 returned 100% blocks executed 35%
        1:   23:int main() {
        1:   24:    test_all();
        1:   24-block  0
call    0 returned 1
branch  1 taken 1 (fallthrough)
branch  2 taken 0 (throw)
        1:   25:        cout << "Salvare in fisier , memorie sau in memorie cu probabilitati? \n";
        1:   25-block  0
call    0 returned 1
branch  1 taken 1 (fallthrough)
branch  2 taken 0 (throw)
        1:   26:        cout << "1.Memorie\n";
        1:   26-block  0
call    0 returned 1
branch  1 taken 1 (fallthrough)
branch  2 taken 0 (throw)
        1:   27:        cout << "2.Fisier\n";
        1:   27-block  0
call    0 returned 1
branch  1 taken 1 (fallthrough)
branch  2 taken 0 (throw)
        1:   28:        cout << "3.Memorie cu probabilitati\n";
        1:   28-block  0
call    0 returned 1
branch  1 taken 1 (fallthrough)
branch  2 taken 0 (throw)
        1:   29:        cout << "Optiunea: ";
        1:   29-block  0
call    0 returned 1
branch  1 taken 1 (fallthrough)
branch  2 taken 0 (throw)
        -:   30:        int opt;
        1:   31:        cin >> opt;
        1:   31-block  0
call    0 returned 1
branch  1 taken 1 (fallthrough)
branch  2 taken 0 (throw)
        1:   32:        switch (opt) {
        1:   32-block  0
branch  0 taken 0
branch  1 taken 0
branch  2 taken 1
branch  3 taken 0
    #####:   33:            case 1:{
    #####:   34:                Repo r;
    %%%%%:   34-block  0
call    0 never executed
    #####:   35:                Service s{r};
call    0 never executed
    #####:   36:                UI ui{s};
call    0 never executed
branch  1 never executed
branch  2 never executed
    #####:   37:                ui.run();
    %%%%%:   37-block  0
call    0 never executed
branch  1 never executed
branch  2 never executed
    #####:   38:                break;}
    %%%%%:   38-block  0
    %%%%%:   38-block  1
call    0 never executed
call    1 never executed
    $$$$$:   38-block  2
call    2 never executed
    $$$$$:   38-block  3
call    3 never executed
    #####:   39:            case 2: {
    #####:   40:                RepoFisier r{"database.txt"};
    %%%%%:   40-block  0
call    0 never executed
call    1 never executed
branch  2 never executed
branch  3 never executed
    %%%%%:   40-block  1
call    4 never executed
branch  5 never executed
branch  6 never executed
call    7 never executed
    $$$$$:   40-block  2
    $$$$$:   40-block  3
    #####:   41:                Service s{r};
call    0 never executed
    #####:   42:                UI ui{s};
call    0 never executed
branch  1 never executed
branch  2 never executed
    #####:   43:                ui.run();
    %%%%%:   43-block  0
call    0 never executed
branch  1 never executed
branch  2 never executed
    #####:   44:                break;
    %%%%%:   44-block  0
    #####:   45:            }
    %%%%%:   45-block  0
call    0 never executed
call    1 never executed
    $$$$$:   45-block  1
call    2 never executed
    $$$$$:   45-block  2
call    3 never executed
        1:   46:            case 3:
        -:   47:            {
        -:   48:                double prob;
        1:   49:                cout << "Dati o probabilitate: ";
        1:   49-block  0
call    0 returned 1
branch  1 taken 1 (fallthrough)
branch  2 taken 0 (throw)
        1:   50:                cin >> prob;
        1:   50-block  0
call    0 returned 1
branch  1 taken 1 (fallthrough)
branch  2 taken 0 (throw)
        1:   51:                RepoLab r{prob};
        1:   51-block  0
call    0 returned 1
        1:   52:                Service s{r};
call    0 returned 1
        1:   53:                UI ui{s};
call    0 returned 1
branch  1 taken 1 (fallthrough)
branch  2 taken 0 (throw)
        1:   54:                ui.run();
        1:   54-block  0
call    0 returned 1
branch  1 taken 1 (fallthrough)
branch  2 taken 0 (throw)
        -:   55:
        1:   56:            }
        1:   56-block  0
call    0 returned 1
call    1 returned 1
    $$$$$:   56-block  1
call    2 never executed
    $$$$$:   56-block  2
call    3 never executed
        1:   57:            default:
        1:   58:                cout << "Optiune invalida!\n";
        1:   58-block  0
call    0 returned 1
branch  1 taken 1 (fallthrough)
branch  2 taken 0 (throw)
        1:   59:                break;
        1:   59-block  0
        -:   60:        }
        -:   61:
        -:   62:
        1:   63:    return 0;
        1:   63-block  0
        -:   64:}
