        -:    0:Source:/mnt/c/Users/chich/OneDrive/Desktop/An I Sem II/Programare Orientata Obiect/tema_lab_8-9/teste_domain.cpp
        -:    0:Graph:/mnt/c/Users/chich/OneDrive/Desktop/An I Sem II/Programare Orientata Obiect/tema_lab_8-9/cmake-build-debug-coverage/CMakeFiles/tema_lab_5_6.dir/teste_domain.cpp.gcno
        -:    0:Data:/mnt/c/Users/chich/OneDrive/Desktop/An I Sem II/Programare Orientata Obiect/tema_lab_8-9/cmake-build-debug-coverage/CMakeFiles/tema_lab_5_6.dir/teste_domain.cpp.gcda
        -:    0:Runs:1
        -:    1:#include "teste_domain.h"
        -:    2:#include "domain.h"
        -:    3:#include <cassert>
        -:    4:
function _Z18test_creare_ofertav called 1 returned 100% blocks executed 52%
        1:    5:void test_creare_oferta(){
        2:    6:    Oferta of{1, "denumire", "destinatie", "tip", 100};
        1:    6-block  0
call    0 returned 1
call    1 returned 1
branch  2 taken 1 (fallthrough)
branch  3 taken 0 (throw)
        1:    6-block  1
call    4 returned 1
call    5 returned 1
branch  6 taken 1 (fallthrough)
branch  7 taken 0 (throw)
        1:    6-block  2
call    8 returned 1
call    9 returned 1
branch 10 taken 1 (fallthrough)
branch 11 taken 0 (throw)
        1:    6-block  3
call   12 returned 1
branch 13 taken 1 (fallthrough)
branch 14 taken 0 (throw)
call   15 returned 1
call   16 returned 1
call   17 returned 1
call   18 returned 1
call   19 returned 1
    $$$$$:    6-block  4
    $$$$$:    6-block  5
    $$$$$:    6-block  6
    $$$$$:    6-block  7
    $$$$$:    6-block  8
    $$$$$:    6-block  9
        -:    7:
       1*:    8:    assert(of.get_id() == 1);
call    0 returned 1
branch  1 taken 1 (fallthrough)
branch  2 taken 0 (throw)
        1:    8-block  0
branch  3 taken 0 (fallthrough)
branch  4 taken 1
    %%%%%:    8-block  1
call    5 never executed
       1*:    9:    assert(of.get_denumire() == "denumire");
        1:    9-block  0
call    0 returned 1
branch  1 taken 1 (fallthrough)
branch  2 taken 0 (throw)
        1:    9-block  1
call    3 returned 1
branch  4 taken 0 (fallthrough)
branch  5 taken 1
    %%%%%:    9-block  2
call    6 never executed
        1:    9-block  3
call    7 returned 1
       1*:   10:    assert(of.get_destinatie() == "destinatie");
call    0 returned 1
branch  1 taken 1 (fallthrough)
branch  2 taken 0 (throw)
        1:   10-block  0
call    3 returned 1
branch  4 taken 0 (fallthrough)
branch  5 taken 1
    %%%%%:   10-block  1
call    6 never executed
        1:   10-block  2
call    7 returned 1
       1*:   11:    assert(of.get_tip() == "tip");
call    0 returned 1
branch  1 taken 1 (fallthrough)
branch  2 taken 0 (throw)
        1:   11-block  0
call    3 returned 1
branch  4 taken 0 (fallthrough)
branch  5 taken 1
    %%%%%:   11-block  1
call    6 never executed
        1:   11-block  2
call    7 returned 1
       1*:   12:    assert(of.get_pret() == 100);
call    0 returned 1
branch  1 taken 1 (fallthrough)
branch  2 taken 0 (throw)
        1:   12-block  0
branch  3 taken 0 (fallthrough)
branch  4 taken 1
    %%%%%:   12-block  1
call    5 never executed
        -:   13:
        1:   14:    of.set_denumire("denumire2");
        1:   14-block  0
call    0 returned 1
call    1 returned 1
branch  2 taken 1 (fallthrough)
branch  3 taken 0 (throw)
        1:   14-block  1
call    4 returned 1
branch  5 taken 1 (fallthrough)
branch  6 taken 0 (throw)
        1:   14-block  2
call    7 returned 1
call    8 returned 1
    $$$$$:   14-block  3
call    9 never executed
    $$$$$:   14-block  4
    $$$$$:   14-block  5
call   10 never executed
    $$$$$:   14-block  6
        1:   15:    of.set_destinatie("destinatie2");
call    0 returned 1
call    1 returned 1
branch  2 taken 1 (fallthrough)
branch  3 taken 0 (throw)
        1:   15-block  0
call    4 returned 1
branch  5 taken 1 (fallthrough)
branch  6 taken 0 (throw)
        1:   15-block  1
call    7 returned 1
call    8 returned 1
    $$$$$:   15-block  2
call    9 never executed
    $$$$$:   15-block  3
    $$$$$:   15-block  4
call   10 never executed
    $$$$$:   15-block  5
        1:   16:    of.set_tip("tip2");
call    0 returned 1
call    1 returned 1
branch  2 taken 1 (fallthrough)
branch  3 taken 0 (throw)
        1:   16-block  0
call    4 returned 1
branch  5 taken 1 (fallthrough)
branch  6 taken 0 (throw)
        1:   16-block  1
call    7 returned 1
call    8 returned 1
    $$$$$:   16-block  2
call    9 never executed
    $$$$$:   16-block  3
    $$$$$:   16-block  4
call   10 never executed
    $$$$$:   16-block  5
        1:   17:    of.set_pret(200);
call    0 returned 1
branch  1 taken 1 (fallthrough)
branch  2 taken 0 (throw)
        -:   18:
       1*:   19:    assert(of.get_denumire() == "denumire2");
        1:   19-block  0
call    0 returned 1
branch  1 taken 1 (fallthrough)
branch  2 taken 0 (throw)
        1:   19-block  1
call    3 returned 1
branch  4 taken 0 (fallthrough)
branch  5 taken 1
    %%%%%:   19-block  2
call    6 never executed
        1:   19-block  3
call    7 returned 1
       1*:   20:    assert(of.get_destinatie() == "destinatie2");
call    0 returned 1
branch  1 taken 1 (fallthrough)
branch  2 taken 0 (throw)
        1:   20-block  0
call    3 returned 1
branch  4 taken 0 (fallthrough)
branch  5 taken 1
    %%%%%:   20-block  1
call    6 never executed
        1:   20-block  2
call    7 returned 1
       1*:   21:    assert(of.get_tip() == "tip2");
call    0 returned 1
branch  1 taken 1 (fallthrough)
branch  2 taken 0 (throw)
        1:   21-block  0
call    3 returned 1
branch  4 taken 0 (fallthrough)
branch  5 taken 1
    %%%%%:   21-block  1
call    6 never executed
        1:   21-block  2
call    7 returned 1
       1*:   22:    assert(of.get_pret() == 200);
call    0 returned 1
branch  1 taken 1 (fallthrough)
branch  2 taken 0 (throw)
        1:   22-block  0
branch  3 taken 0 (fallthrough)
branch  4 taken 1
    %%%%%:   22-block  1
call    5 never executed
        -:   23:
        2:   24:    Oferta of2{1, "denumire2", "destinatie2", "tip2", 200};
        1:   24-block  0
call    0 returned 1
call    1 returned 1
branch  2 taken 1 (fallthrough)
branch  3 taken 0 (throw)
        1:   24-block  1
call    4 returned 1
call    5 returned 1
branch  6 taken 1 (fallthrough)
branch  7 taken 0 (throw)
        1:   24-block  2
call    8 returned 1
call    9 returned 1
branch 10 taken 1 (fallthrough)
branch 11 taken 0 (throw)
        1:   24-block  3
call   12 returned 1
branch 13 taken 1 (fallthrough)
branch 14 taken 0 (throw)
call   15 returned 1
call   16 returned 1
call   17 returned 1
call   18 returned 1
call   19 returned 1
    $$$$$:   24-block  4
    $$$$$:   24-block  5
    $$$$$:   24-block  6
    $$$$$:   24-block  7
    $$$$$:   24-block  8
    $$$$$:   24-block  9
       1*:   25:    assert(of == of2);
call    0 returned 1
branch  1 taken 1 (fallthrough)
branch  2 taken 0 (throw)
        1:   25-block  0
branch  3 taken 0 (fallthrough)
branch  4 taken 1
    %%%%%:   25-block  1
call    5 never executed
        -:   26:
        2:   27:    Oferta of3{3, "denumire3", "destinatie3", "tip3", 300};
        1:   27-block  0
call    0 returned 1
call    1 returned 1
branch  2 taken 1 (fallthrough)
branch  3 taken 0 (throw)
        1:   27-block  1
call    4 returned 1
call    5 returned 1
branch  6 taken 1 (fallthrough)
branch  7 taken 0 (throw)
        1:   27-block  2
call    8 returned 1
call    9 returned 1
branch 10 taken 1 (fallthrough)
branch 11 taken 0 (throw)
        1:   27-block  3
call   12 returned 1
branch 13 taken 1 (fallthrough)
branch 14 taken 0 (throw)
call   15 returned 1
call   16 returned 1
call   17 returned 1
call   18 returned 1
call   19 returned 1
    $$$$$:   27-block  4
    $$$$$:   27-block  5
    $$$$$:   27-block  6
    $$$$$:   27-block  7
    $$$$$:   27-block  8
    $$$$$:   27-block  9
        1:   28:    of = of3;
call    0 returned 1
branch  1 taken 1 (fallthrough)
branch  2 taken 0 (throw)
       1*:   29:    assert(of == of3);
        1:   29-block  0
call    0 returned 1
branch  1 taken 1 (fallthrough)
branch  2 taken 0 (throw)
        1:   29-block  1
branch  3 taken 0 (fallthrough)
branch  4 taken 1
    %%%%%:   29-block  2
call    5 never executed
        -:   30:
        -:   31:
        1:   32:}
        1:   32-block  0
call    0 returned 1
call    1 returned 1
call    2 returned 1
    $$$$$:   32-block  1
call    3 never executed
    $$$$$:   32-block  2
call    4 never executed
    $$$$$:   32-block  3
call    5 never executed
        -:   33:
function _Z21test_compara_denumirev called 1 returned 100% blocks executed 49%
        1:   34:void test_compara_denumire(){
        2:   35:    Oferta of{1, "denumire", "destinatie", "tip", 100};
        1:   35-block  0
call    0 returned 1
call    1 returned 1
branch  2 taken 1 (fallthrough)
branch  3 taken 0 (throw)
        1:   35-block  1
call    4 returned 1
call    5 returned 1
branch  6 taken 1 (fallthrough)
branch  7 taken 0 (throw)
        1:   35-block  2
call    8 returned 1
call    9 returned 1
branch 10 taken 1 (fallthrough)
branch 11 taken 0 (throw)
        1:   35-block  3
call   12 returned 1
branch 13 taken 1 (fallthrough)
branch 14 taken 0 (throw)
call   15 returned 1
call   16 returned 1
call   17 returned 1
call   18 returned 1
call   19 returned 1
    $$$$$:   35-block  4
    $$$$$:   35-block  5
    $$$$$:   35-block  6
    $$$$$:   35-block  7
    $$$$$:   35-block  8
    $$$$$:   35-block  9
        2:   36:    Oferta of2{2, "denumire2", "destinatie2", "tip2", 200};
call    0 returned 1
call    1 returned 1
branch  2 taken 1 (fallthrough)
branch  3 taken 0 (throw)
        1:   36-block  0
call    4 returned 1
call    5 returned 1
branch  6 taken 1 (fallthrough)
branch  7 taken 0 (throw)
        1:   36-block  1
call    8 returned 1
call    9 returned 1
branch 10 taken 1 (fallthrough)
branch 11 taken 0 (throw)
        1:   36-block  2
call   12 returned 1
branch 13 taken 1 (fallthrough)
branch 14 taken 0 (throw)
call   15 returned 1
call   16 returned 1
call   17 returned 1
call   18 returned 1
call   19 returned 1
    $$$$$:   36-block  3
    $$$$$:   36-block  4
    $$$$$:   36-block  5
    $$$$$:   36-block  6
    $$$$$:   36-block  7
    $$$$$:   36-block  8
        -:   37:
       1*:   38:    assert(of.get_denumire() == "denumire");
call    0 returned 1
branch  1 taken 1 (fallthrough)
branch  2 taken 0 (throw)
        1:   38-block  0
call    3 returned 1
branch  4 taken 0 (fallthrough)
branch  5 taken 1
    %%%%%:   38-block  1
call    6 never executed
        1:   38-block  2
call    7 returned 1
       1*:   39:    assert(of2.get_denumire() == "denumire2");
call    0 returned 1
branch  1 taken 1 (fallthrough)
branch  2 taken 0 (throw)
        1:   39-block  0
call    3 returned 1
branch  4 taken 0 (fallthrough)
branch  5 taken 1
    %%%%%:   39-block  1
call    6 never executed
        1:   39-block  2
call    7 returned 1
        -:   40:
       1*:   41:    assert(compara_denumire(of, of2) == 1);
call    0 returned 1
branch  1 taken 1 (fallthrough)
branch  2 taken 0 (throw)
        1:   41-block  0
branch  3 taken 0 (fallthrough)
branch  4 taken 1
    %%%%%:   41-block  1
call    5 never executed
       1*:   42:    assert(compara_denumire(of2, of) == 0);
        1:   42-block  0
call    0 returned 1
branch  1 taken 1 (fallthrough)
branch  2 taken 0 (throw)
        1:   42-block  1
branch  3 taken 0 (fallthrough)
branch  4 taken 1
    %%%%%:   42-block  2
call    5 never executed
        1:   43:}
        1:   43-block  0
call    0 returned 1
call    1 returned 1
    $$$$$:   43-block  1
call    2 never executed
    $$$$$:   43-block  2
call    3 never executed
        -:   44:
function _Z23test_compara_destinatiev called 1 returned 100% blocks executed 49%
        1:   45:void test_compara_destinatie(){
        2:   46:    Oferta of{1, "denumire", "destinatie", "tip", 100};
        1:   46-block  0
call    0 returned 1
call    1 returned 1
branch  2 taken 1 (fallthrough)
branch  3 taken 0 (throw)
        1:   46-block  1
call    4 returned 1
call    5 returned 1
branch  6 taken 1 (fallthrough)
branch  7 taken 0 (throw)
        1:   46-block  2
call    8 returned 1
call    9 returned 1
branch 10 taken 1 (fallthrough)
branch 11 taken 0 (throw)
        1:   46-block  3
call   12 returned 1
branch 13 taken 1 (fallthrough)
branch 14 taken 0 (throw)
call   15 returned 1
call   16 returned 1
call   17 returned 1
call   18 returned 1
call   19 returned 1
    $$$$$:   46-block  4
    $$$$$:   46-block  5
    $$$$$:   46-block  6
    $$$$$:   46-block  7
    $$$$$:   46-block  8
    $$$$$:   46-block  9
        2:   47:    Oferta of2{2, "denumire2", "destinatie2", "tip2", 200};
call    0 returned 1
call    1 returned 1
branch  2 taken 1 (fallthrough)
branch  3 taken 0 (throw)
        1:   47-block  0
call    4 returned 1
call    5 returned 1
branch  6 taken 1 (fallthrough)
branch  7 taken 0 (throw)
        1:   47-block  1
call    8 returned 1
call    9 returned 1
branch 10 taken 1 (fallthrough)
branch 11 taken 0 (throw)
        1:   47-block  2
call   12 returned 1
branch 13 taken 1 (fallthrough)
branch 14 taken 0 (throw)
call   15 returned 1
call   16 returned 1
call   17 returned 1
call   18 returned 1
call   19 returned 1
    $$$$$:   47-block  3
    $$$$$:   47-block  4
    $$$$$:   47-block  5
    $$$$$:   47-block  6
    $$$$$:   47-block  7
    $$$$$:   47-block  8
        -:   48:
       1*:   49:    assert(of.get_destinatie() == "destinatie");
call    0 returned 1
branch  1 taken 1 (fallthrough)
branch  2 taken 0 (throw)
        1:   49-block  0
call    3 returned 1
branch  4 taken 0 (fallthrough)
branch  5 taken 1
    %%%%%:   49-block  1
call    6 never executed
        1:   49-block  2
call    7 returned 1
       1*:   50:    assert(of2.get_destinatie() == "destinatie2");
call    0 returned 1
branch  1 taken 1 (fallthrough)
branch  2 taken 0 (throw)
        1:   50-block  0
call    3 returned 1
branch  4 taken 0 (fallthrough)
branch  5 taken 1
    %%%%%:   50-block  1
call    6 never executed
        1:   50-block  2
call    7 returned 1
        -:   51:
       1*:   52:    assert(compara_destinatie(of, of2) == 1);
call    0 returned 1
branch  1 taken 1 (fallthrough)
branch  2 taken 0 (throw)
        1:   52-block  0
branch  3 taken 0 (fallthrough)
branch  4 taken 1
    %%%%%:   52-block  1
call    5 never executed
       1*:   53:    assert(compara_destinatie(of2, of) == 0);
        1:   53-block  0
call    0 returned 1
branch  1 taken 1 (fallthrough)
branch  2 taken 0 (throw)
        1:   53-block  1
branch  3 taken 0 (fallthrough)
branch  4 taken 1
    %%%%%:   53-block  2
call    5 never executed
        1:   54:}
        1:   54-block  0
call    0 returned 1
call    1 returned 1
    $$$$$:   54-block  1
call    2 never executed
    $$$$$:   54-block  2
call    3 never executed
        -:   55:
function _Z24test_compara_tip_si_pretv called 1 returned 100% blocks executed 50%
        1:   56:void test_compara_tip_si_pret(){
        2:   57:    Oferta of{1, "denumire", "destinatie", "tip", 100};
        1:   57-block  0
call    0 returned 1
call    1 returned 1
branch  2 taken 1 (fallthrough)
branch  3 taken 0 (throw)
        1:   57-block  1
call    4 returned 1
call    5 returned 1
branch  6 taken 1 (fallthrough)
branch  7 taken 0 (throw)
        1:   57-block  2
call    8 returned 1
call    9 returned 1
branch 10 taken 1 (fallthrough)
branch 11 taken 0 (throw)
        1:   57-block  3
call   12 returned 1
branch 13 taken 1 (fallthrough)
branch 14 taken 0 (throw)
call   15 returned 1
call   16 returned 1
call   17 returned 1
call   18 returned 1
call   19 returned 1
    $$$$$:   57-block  4
    $$$$$:   57-block  5
    $$$$$:   57-block  6
    $$$$$:   57-block  7
    $$$$$:   57-block  8
    $$$$$:   57-block  9
        2:   58:    Oferta of2{2, "denumire2", "destinatie2", "tip2", 200};
call    0 returned 1
call    1 returned 1
branch  2 taken 1 (fallthrough)
branch  3 taken 0 (throw)
        1:   58-block  0
call    4 returned 1
call    5 returned 1
branch  6 taken 1 (fallthrough)
branch  7 taken 0 (throw)
        1:   58-block  1
call    8 returned 1
call    9 returned 1
branch 10 taken 1 (fallthrough)
branch 11 taken 0 (throw)
        1:   58-block  2
call   12 returned 1
branch 13 taken 1 (fallthrough)
branch 14 taken 0 (throw)
call   15 returned 1
call   16 returned 1
call   17 returned 1
call   18 returned 1
call   19 returned 1
    $$$$$:   58-block  3
    $$$$$:   58-block  4
    $$$$$:   58-block  5
    $$$$$:   58-block  6
    $$$$$:   58-block  7
    $$$$$:   58-block  8
        -:   59:
       1*:   60:    assert(of.get_tip() == "tip");
call    0 returned 1
branch  1 taken 1 (fallthrough)
branch  2 taken 0 (throw)
        1:   60-block  0
call    3 returned 1
branch  4 taken 0 (fallthrough)
branch  5 taken 1
    %%%%%:   60-block  1
call    6 never executed
        1:   60-block  2
call    7 returned 1
       1*:   61:    assert(of2.get_tip() == "tip2");
call    0 returned 1
branch  1 taken 1 (fallthrough)
branch  2 taken 0 (throw)
        1:   61-block  0
call    3 returned 1
branch  4 taken 0 (fallthrough)
branch  5 taken 1
    %%%%%:   61-block  1
call    6 never executed
        1:   61-block  2
call    7 returned 1
        -:   62:
       1*:   63:    assert(of.get_pret() == 100);
call    0 returned 1
branch  1 taken 1 (fallthrough)
branch  2 taken 0 (throw)
        1:   63-block  0
branch  3 taken 0 (fallthrough)
branch  4 taken 1
    %%%%%:   63-block  1
call    5 never executed
       1*:   64:    assert(of2.get_pret() == 200);
        1:   64-block  0
call    0 returned 1
branch  1 taken 1 (fallthrough)
branch  2 taken 0 (throw)
        1:   64-block  1
branch  3 taken 0 (fallthrough)
branch  4 taken 1
    %%%%%:   64-block  2
call    5 never executed
        -:   65:
       1*:   66:    assert(compara_tip_si_pret(of, of2) == 1);
        1:   66-block  0
call    0 returned 1
branch  1 taken 1 (fallthrough)
branch  2 taken 0 (throw)
        1:   66-block  1
branch  3 taken 0 (fallthrough)
branch  4 taken 1
    %%%%%:   66-block  2
call    5 never executed
       1*:   67:    assert(compara_tip_si_pret(of2, of) == 0);
        1:   67-block  0
call    0 returned 1
branch  1 taken 1 (fallthrough)
branch  2 taken 0 (throw)
        1:   67-block  1
branch  3 taken 0 (fallthrough)
branch  4 taken 1
    %%%%%:   67-block  2
call    5 never executed
        -:   68:
        1:   69:}
        1:   69-block  0
call    0 returned 1
call    1 returned 1
    $$$$$:   69-block  1
call    2 never executed
    $$$$$:   69-block  2
call    3 never executed
        -:   70:
function _Z12teste_domainv called 1 returned 100% blocks executed 100%
        1:   71:void teste_domain(){
        1:   72:    test_creare_oferta();
        1:   72-block  0
call    0 returned 1
        1:   73:    test_compara_denumire();
call    0 returned 1
        1:   74:    test_compara_destinatie();
call    0 returned 1
        1:   75:    test_compara_tip_si_pret();
call    0 returned 1
        1:   76:}
