        -:    0:Source:/mnt/c/Users/chich/OneDrive/Desktop/An I Sem II/Programare Orientata Obiect/tema_lab_8-9/teste_validator.cpp
        -:    0:Graph:/mnt/c/Users/chich/OneDrive/Desktop/An I Sem II/Programare Orientata Obiect/tema_lab_8-9/cmake-build-debug-coverage/CMakeFiles/tema_lab_5_6.dir/teste_validator.cpp.gcno
        -:    0:Data:/mnt/c/Users/chich/OneDrive/Desktop/An I Sem II/Programare Orientata Obiect/tema_lab_8-9/cmake-build-debug-coverage/CMakeFiles/tema_lab_5_6.dir/teste_validator.cpp.gcda
        -:    0:Runs:1
        -:    1:#include "teste_validator.h"
        -:    2:#include "validator.h"
        -:    3:#include <cassert>
        -:    4:
        -:    5:
function _Z20test_validare_ofertav called 1 returned 100% blocks executed 45%
        1:    6:void test_validare_oferta() {
        -:    7:    Validator val;
        2:    8:    Oferta of1{1, "denumire1", "destinatie1", "tip1", 100};
        1:    8-block  0
call    0 returned 1
call    1 returned 1
branch  2 taken 1 (fallthrough)
branch  3 taken 0 (throw)
        1:    8-block  1
call    4 returned 1
call    5 returned 1
branch  6 taken 1 (fallthrough)
branch  7 taken 0 (throw)
        1:    8-block  2
call    8 returned 1
call    9 returned 1
branch 10 taken 1 (fallthrough)
branch 11 taken 0 (throw)
        1:    8-block  3
call   12 returned 1
branch 13 taken 1 (fallthrough)
branch 14 taken 0 (throw)
call   15 returned 1
call   16 returned 1
call   17 returned 1
call   18 returned 1
call   19 returned 1
    $$$$$:    8-block  4
    $$$$$:    8-block  5
    $$$$$:    8-block  6
    $$$$$:    8-block  7
    $$$$$:    8-block  8
    $$$$$:    8-block  9
       1*:    9:    assert(val.validare_oferta(of1) == true);
call    0 returned 1
branch  1 taken 1 (fallthrough)
branch  2 taken 0 (throw)
        1:    9-block  0
branch  3 taken 0 (fallthrough)
branch  4 taken 1
    %%%%%:    9-block  1
call    5 never executed
        2:   10:    Oferta of2{1, "", "destinatie1", "tip1", 100};
        1:   10-block  0
call    0 returned 1
call    1 returned 1
branch  2 taken 1 (fallthrough)
branch  3 taken 0 (throw)
        1:   10-block  1
call    4 returned 1
call    5 returned 1
branch  6 taken 1 (fallthrough)
branch  7 taken 0 (throw)
        1:   10-block  2
call    8 returned 1
call    9 returned 1
branch 10 taken 1 (fallthrough)
branch 11 taken 0 (throw)
        1:   10-block  3
call   12 returned 1
branch 13 taken 1 (fallthrough)
branch 14 taken 0 (throw)
call   15 returned 1
call   16 returned 1
call   17 returned 1
call   18 returned 1
call   19 returned 1
    $$$$$:   10-block  4
    $$$$$:   10-block  5
    $$$$$:   10-block  6
    $$$$$:   10-block  7
    $$$$$:   10-block  8
    $$$$$:   10-block  9
        -:   11:    try{
        1:   12:        static_cast<void>(val.validare_oferta(of2));
call    0 returned 1
branch  1 taken 0 (fallthrough)
branch  2 taken 1 (throw)
    #####:   13:        assert(false);
    %%%%%:   13-block  0
call    0 never executed
        1:   14:    }catch(ValidatorException&){
        1:   14-block  0
branch  0 taken 0 (fallthrough)
branch  1 taken 1
        1:   14-block  1
call    2 returned 1
        -:   15:        assert(true);
        1:   16:    }
call    0 returned 1
branch  1 taken 1 (fallthrough)
branch  2 taken 0 (throw)
        2:   17:    Oferta of3{1, "denumire1", "", "tip1", 100};
        1:   17-block  0
call    0 returned 1
call    1 returned 1
branch  2 taken 1 (fallthrough)
branch  3 taken 0 (throw)
        1:   17-block  1
call    4 returned 1
call    5 returned 1
branch  6 taken 1 (fallthrough)
branch  7 taken 0 (throw)
        1:   17-block  2
call    8 returned 1
call    9 returned 1
branch 10 taken 1 (fallthrough)
branch 11 taken 0 (throw)
        1:   17-block  3
call   12 returned 1
branch 13 taken 1 (fallthrough)
branch 14 taken 0 (throw)
call   15 returned 1
call   16 returned 1
call   17 returned 1
call   18 returned 1
call   19 returned 1
    $$$$$:   17-block  4
    $$$$$:   17-block  5
    $$$$$:   17-block  6
    $$$$$:   17-block  7
    $$$$$:   17-block  8
    $$$$$:   17-block  9
        -:   18:    try{
        1:   19:        static_cast<void>(val.validare_oferta(of3));
call    0 returned 1
branch  1 taken 0 (fallthrough)
branch  2 taken 1 (throw)
    =====:   20:        assert(false);
    $$$$$:   20-block  0
call    0 never executed
        1:   21:    }catch(ValidatorException&){
        1:   21-block  0
branch  0 taken 0 (fallthrough)
branch  1 taken 1
        1:   21-block  1
call    2 returned 1
        -:   22:        assert(true);
        1:   23:    }
call    0 returned 1
branch  1 taken 1 (fallthrough)
branch  2 taken 0 (throw)
        2:   24:    Oferta of4{1, "denumire1", "destinatie1", "", 100};
        1:   24-block  0
call    0 returned 1
call    1 returned 1
branch  2 taken 1 (fallthrough)
branch  3 taken 0 (throw)
        1:   24-block  1
call    4 returned 1
call    5 returned 1
branch  6 taken 1 (fallthrough)
branch  7 taken 0 (throw)
        1:   24-block  2
call    8 returned 1
call    9 returned 1
branch 10 taken 1 (fallthrough)
branch 11 taken 0 (throw)
        1:   24-block  3
call   12 returned 1
branch 13 taken 1 (fallthrough)
branch 14 taken 0 (throw)
call   15 returned 1
call   16 returned 1
call   17 returned 1
call   18 returned 1
call   19 returned 1
    $$$$$:   24-block  4
    $$$$$:   24-block  5
    $$$$$:   24-block  6
    $$$$$:   24-block  7
    $$$$$:   24-block  8
    $$$$$:   24-block  9
        -:   25:    try{
        1:   26:        static_cast<void>(val.validare_oferta(of4));
call    0 returned 1
branch  1 taken 0 (fallthrough)
branch  2 taken 1 (throw)
    =====:   27:        assert(false);
    $$$$$:   27-block  0
call    0 never executed
        1:   28:    }catch(ValidatorException&){
        1:   28-block  0
branch  0 taken 0 (fallthrough)
branch  1 taken 1
        1:   28-block  1
call    2 returned 1
        -:   29:        assert(true);
        1:   30:    }
call    0 returned 1
branch  1 taken 1 (fallthrough)
branch  2 taken 0 (throw)
        2:   31:    Oferta of5{1, "denumire1", "destinatie1", "tip1", -1};
        1:   31-block  0
call    0 returned 1
call    1 returned 1
branch  2 taken 1 (fallthrough)
branch  3 taken 0 (throw)
        1:   31-block  1
call    4 returned 1
call    5 returned 1
branch  6 taken 1 (fallthrough)
branch  7 taken 0 (throw)
        1:   31-block  2
call    8 returned 1
call    9 returned 1
branch 10 taken 1 (fallthrough)
branch 11 taken 0 (throw)
        1:   31-block  3
call   12 returned 1
branch 13 taken 1 (fallthrough)
branch 14 taken 0 (throw)
call   15 returned 1
call   16 returned 1
call   17 returned 1
call   18 returned 1
call   19 returned 1
    $$$$$:   31-block  4
    $$$$$:   31-block  5
    $$$$$:   31-block  6
    $$$$$:   31-block  7
    $$$$$:   31-block  8
    $$$$$:   31-block  9
        -:   32:    try{
        1:   33:        static_cast<void>(val.validare_oferta(of5));
call    0 returned 1
branch  1 taken 0 (fallthrough)
branch  2 taken 1 (throw)
    =====:   34:        assert(false);
    $$$$$:   34-block  0
call    0 never executed
        1:   35:    }catch(ValidatorException&){
        1:   35-block  0
branch  0 taken 0 (fallthrough)
branch  1 taken 1
        1:   35-block  1
call    2 returned 1
        -:   36:        assert(true);
        1:   37:    }
call    0 returned 1
branch  1 taken 1 (fallthrough)
branch  2 taken 0 (throw)
        2:   38:    Oferta of6{-1, "denumire1", "destinatie1", "tip1", 100};
        1:   38-block  0
call    0 returned 1
call    1 returned 1
branch  2 taken 1 (fallthrough)
branch  3 taken 0 (throw)
        1:   38-block  1
call    4 returned 1
call    5 returned 1
branch  6 taken 1 (fallthrough)
branch  7 taken 0 (throw)
        1:   38-block  2
call    8 returned 1
call    9 returned 1
branch 10 taken 1 (fallthrough)
branch 11 taken 0 (throw)
        1:   38-block  3
call   12 returned 1
branch 13 taken 1 (fallthrough)
branch 14 taken 0 (throw)
call   15 returned 1
call   16 returned 1
call   17 returned 1
call   18 returned 1
call   19 returned 1
    $$$$$:   38-block  4
    $$$$$:   38-block  5
    $$$$$:   38-block  6
    $$$$$:   38-block  7
    $$$$$:   38-block  8
    $$$$$:   38-block  9
        -:   39:    try{
        1:   40:        static_cast<void>(val.validare_oferta(of6));
call    0 returned 1
branch  1 taken 0 (fallthrough)
branch  2 taken 1 (throw)
    =====:   41:        assert(false);
    $$$$$:   41-block  0
call    0 never executed
        1:   42:    }catch(ValidatorException&){
        1:   42-block  0
branch  0 taken 0 (fallthrough)
branch  1 taken 1
        1:   42-block  1
call    2 returned 1
        -:   43:        assert(true);
        1:   44:    }
call    0 returned 1
branch  1 taken 1 (fallthrough)
branch  2 taken 0 (throw)
        1:   45:}
        1:   45-block  0
call    0 returned 1
call    1 returned 1
call    2 returned 1
call    3 returned 1
call    4 returned 1
call    5 returned 1
    $$$$$:   45-block  1
call    6 never executed
    $$$$$:   45-block  2
call    7 never executed
    $$$$$:   45-block  3
call    8 never executed
    $$$$$:   45-block  4
call    9 never executed
    $$$$$:   45-block  5
call   10 never executed
    $$$$$:   45-block  6
call   11 never executed
