        -:    0:Source:/mnt/c/Users/chich/OneDrive/Desktop/An I Sem II/Programare Orientata Obiect/tema_lab_8-9/teste_vector_dinamic.cpp
        -:    0:Graph:/mnt/c/Users/chich/OneDrive/Desktop/An I Sem II/Programare Orientata Obiect/tema_lab_8-9/cmake-build-debug-coverage/CMakeFiles/tema_lab_5_6.dir/teste_vector_dinamic.cpp.gcno
        -:    0:Data:/mnt/c/Users/chich/OneDrive/Desktop/An I Sem II/Programare Orientata Obiect/tema_lab_8-9/cmake-build-debug-coverage/CMakeFiles/tema_lab_5_6.dir/teste_vector_dinamic.cpp.gcda
        -:    0:Runs:1
        -:    1:#include "vector_dinamic.h"
        -:    2:#include <cassert>
        -:    3:
function _Z19test_redimensionarev called 1 returned 100% blocks executed 53%
        1:    4:void test_redimensionare(){
        1:    5:    VectorDinamic<Oferta> oferte;
        1:    5-block  0
call    0 returned 1
branch  1 taken 1 (fallthrough)
branch  2 taken 0 (throw)
       1*:    6:    assert(oferte.capacity() == 5);
        1:    6-block  0
call    0 returned 1
branch  1 taken 0 (fallthrough)
branch  2 taken 1
    %%%%%:    6-block  1
call    3 never executed
        2:    7:    Oferta of{1,"Test", "Test", "Test", 400};
        1:    7-block  0
call    0 returned 1
call    1 returned 1
branch  2 taken 1 (fallthrough)
branch  3 taken 0 (throw)
        1:    7-block  1
call    4 returned 1
call    5 returned 1
branch  6 taken 1 (fallthrough)
branch  7 taken 0 (throw)
        1:    7-block  2
call    8 returned 1
call    9 returned 1
branch 10 taken 1 (fallthrough)
branch 11 taken 0 (throw)
        1:    7-block  3
call   12 returned 1
branch 13 taken 1 (fallthrough)
branch 14 taken 0 (throw)
call   15 returned 1
call   16 returned 1
call   17 returned 1
call   18 returned 1
call   19 returned 1
    $$$$$:    7-block  4
    $$$$$:    7-block  5
    $$$$$:    7-block  6
    $$$$$:    7-block  7
    $$$$$:    7-block  8
    $$$$$:    7-block  9
        6:    8:    for(int i = 1; i <= 5; i++)
        5:    8-block  0
        6:    8-block  1
branch  0 taken 5
branch  1 taken 1 (fallthrough)
        5:    9:        oferte.push_back(of);
        5:    9-block  0
call    0 returned 5
branch  1 taken 5 (fallthrough)
branch  2 taken 0 (throw)
        1:   10:    oferte.push_back(of);
        1:   10-block  0
call    0 returned 1
branch  1 taken 1 (fallthrough)
branch  2 taken 0 (throw)
       1*:   11:    assert(oferte.capacity() == 10);
        1:   11-block  0
call    0 returned 1
branch  1 taken 0 (fallthrough)
branch  2 taken 1
    %%%%%:   11-block  1
call    3 never executed
        1:   12:}
        1:   12-block  0
call    0 returned 1
call    1 returned 1
    $$$$$:   12-block  1
call    2 never executed
    $$$$$:   12-block  2
call    3 never executed
        -:   13:
function _Z10test_erasev called 1 returned 100% blocks executed 53%
        1:   14:void test_erase(){
        1:   15:    VectorDinamic<Oferta> oferte;
        1:   15-block  0
call    0 returned 1
branch  1 taken 1 (fallthrough)
branch  2 taken 0 (throw)
       1*:   16:    assert(oferte.capacity() == 5);
        1:   16-block  0
call    0 returned 1
branch  1 taken 0 (fallthrough)
branch  2 taken 1
    %%%%%:   16-block  1
call    3 never executed
        2:   17:    Oferta of{1,"Test", "Test", "Test", 400};
        1:   17-block  0
call    0 returned 1
call    1 returned 1
branch  2 taken 1 (fallthrough)
branch  3 taken 0 (throw)
        1:   17-block  1
call    4 returned 1
call    5 returned 1
branch  6 taken 1 (fallthrough)
branch  7 taken 0 (throw)
        1:   17-block  2
call    8 returned 1
call    9 returned 1
branch 10 taken 1 (fallthrough)
branch 11 taken 0 (throw)
        1:   17-block  3
call   12 returned 1
branch 13 taken 1 (fallthrough)
branch 14 taken 0 (throw)
call   15 returned 1
call   16 returned 1
call   17 returned 1
call   18 returned 1
call   19 returned 1
    $$$$$:   17-block  4
    $$$$$:   17-block  5
    $$$$$:   17-block  6
    $$$$$:   17-block  7
    $$$$$:   17-block  8
    $$$$$:   17-block  9
        6:   18:    for(int i = 1; i <= 5; i++)
        5:   18-block  0
        6:   18-block  1
branch  0 taken 5
branch  1 taken 1 (fallthrough)
        5:   19:        oferte.push_back(of);
        5:   19-block  0
call    0 returned 5
branch  1 taken 5 (fallthrough)
branch  2 taken 0 (throw)
        -:   20:
        1:   21:    oferte.erase(3);
        1:   21-block  0
call    0 returned 1
branch  1 taken 1 (fallthrough)
branch  2 taken 0 (throw)
       1*:   22:    assert(oferte.size() == 4);
        1:   22-block  0
call    0 returned 1
branch  1 taken 0 (fallthrough)
branch  2 taken 1
    %%%%%:   22-block  1
call    3 never executed
        1:   23:}
        1:   23-block  0
call    0 returned 1
call    1 returned 1
    $$$$$:   23-block  1
call    2 never executed
    $$$$$:   23-block  2
call    3 never executed
        -:   24:
function _Z20teste_vector_dinamicv called 1 returned 100% blocks executed 100%
        1:   25:void teste_vector_dinamic(){
        1:   26:    test_erase();
        1:   26-block  0
call    0 returned 1
        1:   27:    test_redimensionare();
call    0 returned 1
        1:   28:}
