        -:    0:Source:/mnt/c/Users/chich/OneDrive/Desktop/An I Sem II/Programare Orientata Obiect/tema_lab_8-9/validator.h
        -:    0:Graph:/mnt/c/Users/chich/OneDrive/Desktop/An I Sem II/Programare Orientata Obiect/tema_lab_8-9/cmake-build-debug-coverage/CMakeFiles/tema_lab_5_6.dir/ui.cpp.gcno
        -:    0:Data:/mnt/c/Users/chich/OneDrive/Desktop/An I Sem II/Programare Orientata Obiect/tema_lab_8-9/cmake-build-debug-coverage/CMakeFiles/tema_lab_5_6.dir/ui.cpp.gcda
        -:    0:Runs:1
        -:    1:#pragma once
        -:    2:#include "domain.h"
        -:    3:
        -:    4:class ValidatorException{
        -:    5:private:
        -:    6:    string msg;
        -:    7:public:
        -:    8:    ValidatorException(string msg): msg{msg}{}
function _ZNK18ValidatorException7get_msgB5cxx11Ev called 0 returned 0% blocks executed 0%
    #####:    9:    string get_msg() const{
    #####:   10:        return this->msg;
    %%%%%:   10-block  0
call    0 never executed
        -:   11:    }
        -:   12:};
        -:   13:
        -:   14:class Validator {
        -:   15:public:
        -:   16:    Validator() = default;
        -:   17:
        -:   18:    /**
        -:   19:     * Valideaza o oferta
        -:   20:     * of - Oferta
        -:   21:     * @return true daca oferta este valida, throw ValidatorException daca id-ul este negativ, denumirea, destinatia sau tipul sunt goale sau pretul este negativ
        -:   22:     */
        -:   23:    bool validare_oferta(const Oferta& of) const;
        -:   24:
        -:   25:};
        -:   26:
        -:   27:
